<?xml version="1.0" encoding="UTF-8"?>
<!-- Generated by org.testng.reporters.JUnitXMLReporter -->
<testsuite ignored="0" hostname="Nehas-MacBook-Pro.local" failures="0" tests="5" name="Default test" time="32.672" errors="0" timestamp="08 May 2018 14:04:44 GMT">
  <testcase classname="com.nehanaik.automate.testcases.TestNGTestCases" name="testMethod" time="20.755"/>
  <testcase classname="com.nehanaik.automate.testcases.TestNGTestCases" name="testLoginUsingExcel" time="1.232"/>
  <testcase classname="com.nehanaik.automate.testcases.TestNGTestCases" name="testLoginUsingExcel" time="1.093"/>
  <testcase classname="com.nehanaik.automate.testcases.TestNGTestCases" name="testLoginUsingExcel" time="0.623"/>
  <testcase classname="com.nehanaik.automate.testcases.TestNGTestCases" name="testLoginUsingExcel" time="0.345"/>
</testsuite> <!-- Default test -->
