<?xml version="1.0" encoding="UTF-8"?>
<testng-results ignored="0" total="5" passed="5" failed="0" skipped="0">
  <reporter-output>
  </reporter-output>
  <suite started-at="2018-05-08T14:04:11Z" name="Default suite" finished-at="2018-05-08T14:04:44Z" duration-ms="32672">
    <groups>
    </groups>
    <test started-at="2018-05-08T14:04:11Z" name="Default test" finished-at="2018-05-08T14:04:44Z" duration-ms="32672">
      <class name="com.nehanaik.automate.testcases.TestNGTestCases">
        <test-method is-config="true" signature="setUp()[pri:0, instance:com.nehanaik.automate.testcases.TestNGTestCases@77f80c04]" started-at="2018-05-08T14:04:11Z" name="setUp" finished-at="2018-05-08T14:04:18Z" duration-ms="6383" status="PASS">
          <reporter-output>
          </reporter-output>
        </test-method> <!-- setUp -->
        <test-method signature="testMethod()[pri:1, instance:com.nehanaik.automate.testcases.TestNGTestCases@77f80c04]" started-at="2018-05-08T14:04:18Z" name="testMethod" finished-at="2018-05-08T14:04:38Z" duration-ms="20755" status="PASS">
          <reporter-output>
          </reporter-output>
        </test-method> <!-- testMethod -->
        <test-method signature="testLoginUsingExcel(java.lang.String, java.lang.String)[pri:2, instance:com.nehanaik.automate.testcases.TestNGTestCases@77f80c04]" started-at="2018-05-08T14:04:38Z" name="testLoginUsingExcel" data-provider="loginData" finished-at="2018-05-08T14:04:40Z" duration-ms="1232" status="PASS">
          <params>
            <param index="0">
              <value>
                <![CDATA[nnaik2]]>
              </value>
            </param>
            <param index="1">
              <value>
                <![CDATA[nehanaik]]>
              </value>
            </param>
          </params>
          <reporter-output>
          </reporter-output>
        </test-method> <!-- testLoginUsingExcel -->
        <test-method signature="testLoginUsingExcel(java.lang.String, java.lang.String)[pri:2, instance:com.nehanaik.automate.testcases.TestNGTestCases@77f80c04]" started-at="2018-05-08T14:04:40Z" name="testLoginUsingExcel" data-provider="loginData" finished-at="2018-05-08T14:04:41Z" duration-ms="1093" status="PASS">
          <params>
            <param index="0">
              <value>
                <![CDATA[nnaik3@bing]]>
              </value>
            </param>
            <param index="1">
              <value>
                <![CDATA[nehanaik]]>
              </value>
            </param>
          </params>
          <reporter-output>
          </reporter-output>
        </test-method> <!-- testLoginUsingExcel -->
        <test-method signature="testLoginUsingExcel(java.lang.String, java.lang.String)[pri:2, instance:com.nehanaik.automate.testcases.TestNGTestCases@77f80c04]" started-at="2018-05-08T14:04:41Z" name="testLoginUsingExcel" data-provider="loginData" finished-at="2018-05-08T14:04:41Z" duration-ms="623" status="PASS">
          <params>
            <param index="0">
              <value>
                <![CDATA[nnaik2@binghamton.edu]]>
              </value>
            </param>
            <param index="1">
              <value>
                <![CDATA[]]>
              </value>
            </param>
          </params>
          <reporter-output>
          </reporter-output>
        </test-method> <!-- testLoginUsingExcel -->
        <test-method signature="testLoginUsingExcel(java.lang.String, java.lang.String)[pri:2, instance:com.nehanaik.automate.testcases.TestNGTestCases@77f80c04]" started-at="2018-05-08T14:04:41Z" name="testLoginUsingExcel" data-provider="loginData" finished-at="2018-05-08T14:04:42Z" duration-ms="345" status="PASS">
          <params>
            <param index="0">
              <value>
                <![CDATA[]]>
              </value>
            </param>
            <param index="1">
              <value>
                <![CDATA[nehanaik]]>
              </value>
            </param>
          </params>
          <reporter-output>
          </reporter-output>
        </test-method> <!-- testLoginUsingExcel -->
        <test-method is-config="true" signature="closeWindow()[pri:0, instance:com.nehanaik.automate.testcases.TestNGTestCases@77f80c04]" started-at="2018-05-08T14:04:42Z" name="closeWindow" finished-at="2018-05-08T14:04:44Z" duration-ms="2158" status="PASS">
          <reporter-output>
          </reporter-output>
        </test-method> <!-- closeWindow -->
      </class> <!-- com.nehanaik.automate.testcases.TestNGTestCases -->
    </test> <!-- Default test -->
  </suite> <!-- Default suite -->
</testng-results>
